-21468
0 12 -50
0 16 -19
0 20 -12
0 21 8
0 27 -23
0 40 50
0 43 36
0 58 -43
0 63 -54
0 83 -89
1 38 -19
1 47 -86
1 76 0
1 79 -60
2 15 5
2 18 -4
2 27 -49
2 42 -66
2 49 -79
2 60 -47
2 62 74
2 64 7
2 80 -80
2 95 -41
3 8 -83
3 21 -30
3 46 -51
3 56 -46
3 65 -25
3 66 -92
3 67 -6
3 77 36
3 91 -54
4 1 -34
4 2 -90
4 14 -67
4 26 -36
4 42 -30
4 61 10
4 66 -52
4 69 -21
5 21 44
5 31 -54
5 64 31
5 70 -16
5 92 -52
6 1 -77
6 14 -43
6 35 -38
6 52 -84
6 56 -60
6 64 -87
6 77 -87
7 4 31
7 17 -31
7 19 -34
7 28 -19
7 65 -70
8 23 49
8 51 -10
8 74 35
8 79 -3
9 5 -68
9 16 -74
9 48 -6
9 77 -59
10 12 -89
10 88 -73
10 90 -77
10 94 11
10 99 -25
11 54 55
11 66 -25
11 93 -21
12 2 -3
12 22 7
12 24 2
12 48 -8
12 53 51
12 56 2
12 64 14
12 71 -52
12 73 -2
13 19 -21
13 50 -34
13 55 24
13 64 14
13 76 -12
14 1 -56
14 26 40
14 30 -72
14 54 -52
14 87 -39
14 88 -37
14 97 -83
15 13 -35
15 14 -37
15 20 -87
15 45 -59
15 51 -14
15 53 -52
15 72 -75
16 1 -93
16 25 -33
16 30 -94
16 39 -90
16 51 -98
16 61 -3
16 97 -69
16 99 4
17 28 -52
17 39 -4
17 54 -7
17 55 -45
17 56 -24
17 95 -25
18 2 -42
18 24 -33
18 28 -17
18 34 -35
18 83 -53
18 94 -35
18 95 -83
19 7 -63
19 12 38
19 25 45
19 47 -51
19 55 -26
19 81 5
20 27 -79
20 32 75
20 54 -66
20 55 -74
20 61 50
20 64 -34
20 69 -57
20 82 -93
20 85 -46
20 87 -31
21 25 2
21 32 -75
21 34 36
21 41 0
21 47 -78
21 56 -37
21 68 62
21 72 -91
21 84 -85
22 3 -88
22 33 -55
22 52 -49
22 82 -14
23 15 -27
23 25 -84
23 56 -84
23 64 55
23 69 -12
23 72 -27
23 82 -89
23 95 7
24 11 -24
24 34 36
24 78 17
25 9 -88
25 59 -13
25 71 52
25 72 -2
25 87 -7
26 16 -93
26 23 -97
26 65 35
27 7 -17
27 20 21
27 55 -85
27 88 -2
27 98 -95
28 9 -70
28 34 14
28 78 52
28 84 32
29 26 -42
29 46 53
29 60 -66
29 64 51
29 90 46
29 99 -66
30 35 -36
30 44 66
30 45 -58
30 55 -35
30 84 -55
31 2 0
31 12 -77
31 19 -23
31 26 -20
31 42 25
31 84 -64
32 2 -7
32 27 -70
32 30 -55
32 57 -66
32 88 -19
32 92 -22
33 35 -22
33 39 39
33 72 -25
34 7 -29
34 23 -24
34 60 -79
34 68 -73
34 77 -98
34 86 -29
35 14 -29
35 22 -96
35 34 -60
35 57 -15
35 61 11
35 64 -67
35 72 -23
35 73 -94
35 93 -20
36 0 -86
36 18 -79
36 30 -23
36 54 -89
36 58 -21
36 72 -49
36 83 -61
36 84 29
36 87 -81
37 27 -21
37 33 -87
37 40 21
37 44 -14
37 45 -99
37 50 38
37 59 -18
37 61 45
37 87 10
38 20 6
38 30 -26
38 85 -59
39 8 -2
39 18 0
39 46 -41
39 63 -44
39 64 29
39 76 -38
39 78 30
39 82 35
40 4 -56
40 22 28
40 26 3
40 41 -93
40 58 -15
40 64 10
40 69 -56
40 76 -88
40 94 -24
41 34 2
41 39 -39
41 92 -47
42 20 90
42 21 -51
42 72 -91
43 7 -26
43 12 -87
43 47 -32
43 49 -25
43 62 46
43 65 -97
43 67 -54
43 84 -63
45 6 -82
45 29 -56
45 95 -57
46 3 35
46 8 -16
46 12 -52
46 13 -82
46 23 -6
46 34 72
46 35 -20
46 66 -51
46 74 -47
46 84 -86
47 5 -33
47 20 -3
47 36 -43
47 37 -47
47 56 -39
47 62 -28
47 78 -100
47 82 -57
47 88 -75
47 93 -74
48 10 -33
48 13 -5
48 14 -96
48 15 -30
48 18 -53
48 21 -4
48 53 -74
48 76 14
48 87 -76
48 90 -40
49 6 -84
49 24 -92
49 34 -44
50 6 -63
50 15 19
50 26 -44
50 35 -31
50 46 -61
50 60 -66
50 66 -92
50 70 -76
50 72 1
50 76 -85
50 83 -98
50 98 -20
51 6 -96
51 47 53
51 91 -40
51 97 -62
51 98 -72
52 22 -53
52 23 66
52 46 35
52 48 -93
52 86 -62
52 97 -50
53 8 -38
53 14 -45
53 43 -49
53 52 -86
53 54 -82
53 65 -70
53 68 -32
53 80 -44
53 82 11
53 93 -70
54 18 -26
54 22 -28
54 29 -38
54 76 28
54 88 -97
54 97 -55
54 98 -11
55 35 -32
55 52 -5
55 81 -21
56 22 -22
56 37 -32
56 42 -3
56 61 -10
56 84 -32
56 95 -57
57 41 -75
57 52 -3
57 59 7
57 74 -33
57 93 15
57 97 -96
58 2 -38
58 6 -40
58 10 -74
58 23 8
58 28 44
58 50 7
58 81 16
58 93 -3
58 96 -2
59 8 -55
59 11 8
59 12 -1
59 20 -78
59 23 -33
59 24 -55
59 28 -70
59 47 -35
59 48 -92
59 68 16
59 76 -38
59 79 -45
59 94 -6
60 33 -73
60 49 26
60 63 -77
60 75 -26
60 84 60
60 86 -70
60 91 -55
60 93 53
61 25 -75
61 30 -67
61 49 -97
61 54 -47
61 66 -53
61 71 -74
61 83 41
61 93 -36
62 24 -73
62 39 -98
62 45 -80
62 47 -32
62 52 -41
62 71 40
62 95 -61
63 3 12
63 37 -19
63 66 -68
63 72 43
63 73 -64
63 86 31
64 35 -19
64 42 -74
64 95 22
65 30 -30
65 58 -98
66 4 67
66 9 -84
66 14 -100
66 18 -25
66 46 37
66 49 -65
66 55 -6
67 4 15
67 34 48
67 49 -86
67 58 -9
67 66 -53
67 84 -51
68 7 -42
68 23 -72
68 34 22
68 52 -71
68 79 -86
68 92 -58
68 93 -70
69 4 -34
69 25 -53
69 34 -16
69 85 -39
69 88 -50
70 7 -91
70 8 -88
70 17 -33
70 73 -20
70 77 -60
70 83 17
71 10 -39
71 68 -84
72 16 -23
72 17 -28
72 36 -11
72 53 -1
72 69 -91
72 98 -90
73 25 -93
73 64 -6
73 72 16
74 1 57
74 32 -23
74 40 -26
74 56 -38
74 73 -100
74 76 -2
74 80 -44
75 6 24
75 24 -4
75 40 -3
75 43 45
75 44 -88
75 69 -80
75 77 45
75 84 -5
75 95 -43
76 13 0
76 33 -37
76 55 -67
76 63 -60
76 66 -41
76 80 -16
76 86 -80
77 17 -37
77 28 -20
77 32 -4
77 47 -97
77 98 -18
78 6 -79
78 10 -55
78 11 -63
78 22 -61
78 41 -19
78 57 -18
78 67 -56
79 3 -46
79 25 -9
79 26 -86
79 30 -57
79 46 20
79 51 -84
79 58 -69
79 71 -62
79 77 53
79 87 -17
80 11 43
80 54 -26
80 66 -75
80 68 -84
80 97 -22
81 13 -31
81 19 -72
81 26 35
81 59 -25
81 65 -46
81 90 30
82 38 -61
82 43 -8
82 48 -52
82 97 -87
83 13 -15
83 20 -95
83 31 -79
83 39 -47
83 72 -68
83 78 33
84 41 -93
84 45 -88
84 50 -81
84 75 -53
84 78 32
84 98 -31
85 3 -59
85 8 -56
85 23 -96
85 46 -65
85 57 -94
85 69 -91
85 86 -87
86 42 32
86 71 -29
86 74 -52
86 89 -9
86 91 -69
86 99 -8
87 1 -100
87 31 -43
87 81 -80
87 88 -96
88 33 -61
88 55 -82
88 63 -16
88 78 -88
88 79 -91
88 97 -74
89 4 -80
89 12 6
89 22 40
89 32 30
89 37 -52
89 53 50
89 54 11
89 63 43
89 64 -10
89 83 51
89 84 -44
89 92 19
89 98 -24
90 6 -51
90 22 -78
90 23 -48
90 32 -92
90 89 -43
91 3 -99
91 48 -39
91 52 -13
91 73 19
91 76 -64
92 2 -40
92 55 -59
92 61 19
92 81 -25
92 95 4
92 99 26
93 3 -89
93 4 -81
93 24 -83
93 63 -73
93 85 -32
94 13 -79
94 16 19
94 21 78
94 24 -79
94 39 -74
94 55 -37
94 64 -71
94 74 -94
94 83 7
95 5 -59
95 14 -38
95 22 -51
95 37 -71
95 69 -25
96 25 25
96 40 30
96 42 -80
96 46 -84
96 59 54
96 78 -74
96 88 -98
97 2 -36
97 11 12
97 27 -93
97 35 -47
97 39 20
97 54 -62
97 56 -3
97 60 -24
97 83 56
98 0 -98
98 24 -30
98 25 20
98 40 -3
98 44 2
98 82 58
98 93 -45
98 94 -84
99 27 -99
99 61 -7
99 67 -61
99 68 17
99 81 -64
99 96 -57
